<?xml version="1.0" encoding="UTF-8"?>
<testng-results ignored="0" total="8" passed="8" failed="0" skipped="0">
  <reporter-output>
  </reporter-output>
  <suite started-at="2021-01-08T14:23:06 IST" name="Default suite" finished-at="2021-01-08T14:23:13 IST" duration-ms="6505">
    <groups>
    </groups>
    <test started-at="2021-01-08T14:23:06 IST" name="Default test" finished-at="2021-01-08T14:23:13 IST" duration-ms="6505">
      <class name="Test_api.Get_categories">
        <test-method signature="Get_Dailymenu()[pri:0, instance:Test_api.Get_categories@6c779568]" started-at="2021-01-08T14:23:06 IST" name="Get_Dailymenu" finished-at="2021-01-08T14:23:09 IST" duration-ms="2238" status="PASS">
          <reporter-output>
          </reporter-output>
        </test-method> <!-- Get_Dailymenu -->
        <test-method signature="Get_DetailofRestaurant()[pri:0, instance:Test_api.Get_categories@6c779568]" started-at="2021-01-08T14:23:09 IST" name="Get_DetailofRestaurant" finished-at="2021-01-08T14:23:09 IST" duration-ms="472" status="PASS">
          <reporter-output>
          </reporter-output>
        </test-method> <!-- Get_DetailofRestaurant -->
        <test-method signature="Get_ListofRestaurant()[pri:0, instance:Test_api.Get_categories@6c779568]" started-at="2021-01-08T14:23:09 IST" name="Get_ListofRestaurant" finished-at="2021-01-08T14:23:10 IST" duration-ms="469" status="PASS">
          <reporter-output>
          </reporter-output>
        </test-method> <!-- Get_ListofRestaurant -->
        <test-method signature="Get_Restaurant_Review()[pri:0, instance:Test_api.Get_categories@6c779568]" started-at="2021-01-08T14:23:10 IST" name="Get_Restaurant_Review" finished-at="2021-01-08T14:23:11 IST" duration-ms="911" status="PASS">
          <reporter-output>
          </reporter-output>
        </test-method> <!-- Get_Restaurant_Review -->
        <test-method signature="Get_Search()[pri:0, instance:Test_api.Get_categories@6c779568]" started-at="2021-01-08T14:23:11 IST" name="Get_Search" finished-at="2021-01-08T14:23:12 IST" duration-ms="1230" status="PASS">
          <reporter-output>
          </reporter-output>
        </test-method> <!-- Get_Search -->
        <test-method signature="Get_city()[pri:0, instance:Test_api.Get_categories@6c779568]" started-at="2021-01-08T14:23:12 IST" name="Get_city" finished-at="2021-01-08T14:23:12 IST" duration-ms="402" status="PASS">
          <reporter-output>
          </reporter-output>
        </test-method> <!-- Get_city -->
        <test-method signature="Get_cuisine()[pri:0, instance:Test_api.Get_categories@6c779568]" started-at="2021-01-08T14:23:12 IST" name="Get_cuisine" finished-at="2021-01-08T14:23:13 IST" duration-ms="395" status="PASS">
          <reporter-output>
          </reporter-output>
        </test-method> <!-- Get_cuisine -->
        <test-method signature="get_categories()[pri:0, instance:Test_api.Get_categories@6c779568]" started-at="2021-01-08T14:23:13 IST" name="get_categories" finished-at="2021-01-08T14:23:13 IST" duration-ms="329" status="PASS">
          <reporter-output>
          </reporter-output>
        </test-method> <!-- get_categories -->
      </class> <!-- Test_api.Get_categories -->
    </test> <!-- Default test -->
  </suite> <!-- Default suite -->
</testng-results>
