<?xml version="1.0" encoding="UTF-8"?>
<!-- Generated by org.testng.reporters.JUnitXMLReporter -->
<testsuite ignored="0" hostname="govind794" failures="0" tests="8" name="Default test" time="6.505" errors="0" timestamp="2021-01-08T14:23:13 IST">
  <testcase classname="Test_api.Get_categories" name="Get_Dailymenu" time="2.238"/>
  <testcase classname="Test_api.Get_categories" name="Get_DetailofRestaurant" time="0.472"/>
  <testcase classname="Test_api.Get_categories" name="Get_ListofRestaurant" time="0.469"/>
  <testcase classname="Test_api.Get_categories" name="Get_Restaurant_Review" time="0.911"/>
  <testcase classname="Test_api.Get_categories" name="Get_Search" time="1.23"/>
  <testcase classname="Test_api.Get_categories" name="Get_city" time="0.402"/>
  <testcase classname="Test_api.Get_categories" name="Get_cuisine" time="0.395"/>
  <testcase classname="Test_api.Get_categories" name="get_categories" time="0.329"/>
</testsuite> <!-- Default test -->
